{"D:\\Developer\\backend-simple-rpg\\src\\app.js": {"path":"D:\\Developer\\backend-simple-rpg\\src\\app.js","statementMap":{"0":{"start":{"line":1,"column":16},"end":{"line":1,"column":34}},"1":{"start":{"line":2,"column":12},"end":{"line":2,"column":21}},"2":{"start":{"line":3,"column":21},"end":{"line":3,"column":45}},"3":{"start":{"line":4,"column":0},"end":{"line":4,"column":26}},"4":{"start":{"line":7,"column":0},"end":{"line":7,"column":23}},"5":{"start":{"line":8,"column":0},"end":{"line":8,"column":24}},"6":{"start":{"line":10,"column":22},"end":{"line":10,"column":56}},"7":{"start":{"line":11,"column":0},"end":{"line":11,"column":35}},"8":{"start":{"line":12,"column":24},"end":{"line":12,"column":60}},"9":{"start":{"line":13,"column":0},"end":{"line":13,"column":39}},"10":{"start":{"line":14,"column":19},"end":{"line":14,"column":50}},"11":{"start":{"line":15,"column":0},"end":{"line":15,"column":29}},"12":{"start":{"line":17,"column":0},"end":{"line":32,"column":2}},"13":{"start":{"line":18,"column":4},"end":{"line":31,"column":6}},"14":{"start":{"line":34,"column":0},"end":{"line":42,"column":2}},"15":{"start":{"line":35,"column":4},"end":{"line":35,"column":37}},"16":{"start":{"line":36,"column":4},"end":{"line":36,"column":20}},"17":{"start":{"line":37,"column":4},"end":{"line":41,"column":5}},"18":{"start":{"line":38,"column":8},"end":{"line":38,"column":40}},"19":{"start":{"line":40,"column":8},"end":{"line":40,"column":52}},"20":{"start":{"line":44,"column":0},"end":{"line":44,"column":20}}},"fnMap":{"0":{"name":"(anonymous_0)","decl":{"start":{"line":17,"column":13},"end":{"line":17,"column":14}},"loc":{"start":{"line":17,"column":27},"end":{"line":32,"column":1}},"line":17},"1":{"name":"(anonymous_1)","decl":{"start":{"line":34,"column":8},"end":{"line":34,"column":9}},"loc":{"start":{"line":34,"column":33},"end":{"line":42,"column":1}},"line":34}},"branchMap":{"0":{"loc":{"start":{"line":35,"column":15},"end":{"line":35,"column":36}},"type":"binary-expr","locations":[{"start":{"line":35,"column":15},"end":{"line":35,"column":29}},{"start":{"line":35,"column":33},"end":{"line":35,"column":36}}],"line":35},"1":{"loc":{"start":{"line":37,"column":4},"end":{"line":41,"column":5}},"type":"if","locations":[{"start":{"line":37,"column":4},"end":{"line":41,"column":5}},{"start":{"line":37,"column":4},"end":{"line":41,"column":5}}],"line":37}},"s":{"0":3,"1":3,"2":3,"3":3,"4":3,"5":3,"6":3,"7":3,"8":3,"9":3,"10":3,"11":3,"12":3,"13":0,"14":3,"15":5,"16":5,"17":5,"18":5,"19":0,"20":3},"f":{"0":0,"1":5},"b":{"0":[5,0],"1":[5,0]},"_coverageSchema":"1a1c01bbd47fc00a2c39e90264f33305004495a9","hash":"3650bc8151c92a2068383bcf70df1401fe2db1b1"}
,"D:\\Developer\\backend-simple-rpg\\src\\config\\jwt.js": {"path":"D:\\Developer\\backend-simple-rpg\\src\\config\\jwt.js","statementMap":{"0":{"start":{"line":1,"column":12},"end":{"line":1,"column":35}},"1":{"start":{"line":3,"column":21},"end":{"line":9,"column":1}},"2":{"start":{"line":4,"column":19},"end":{"line":4,"column":45}},"3":{"start":{"line":5,"column":4},"end":{"line":7,"column":5}},"4":{"start":{"line":6,"column":8},"end":{"line":6,"column":61}},"5":{"start":{"line":8,"column":4},"end":{"line":8,"column":18}},"6":{"start":{"line":11,"column":22},"end":{"line":15,"column":1}},"7":{"start":{"line":12,"column":20},"end":{"line":12,"column":38}},"8":{"start":{"line":13,"column":18},"end":{"line":13,"column":51}},"9":{"start":{"line":14,"column":4},"end":{"line":14,"column":16}},"10":{"start":{"line":17,"column":0},"end":{"line":17,"column":48}}},"fnMap":{"0":{"name":"(anonymous_0)","decl":{"start":{"line":3,"column":21},"end":{"line":3,"column":22}},"loc":{"start":{"line":3,"column":27},"end":{"line":9,"column":1}},"line":3},"1":{"name":"(anonymous_1)","decl":{"start":{"line":11,"column":22},"end":{"line":11,"column":23}},"loc":{"start":{"line":11,"column":36},"end":{"line":15,"column":1}},"line":11}},"branchMap":{"0":{"loc":{"start":{"line":5,"column":4},"end":{"line":7,"column":5}},"type":"if","locations":[{"start":{"line":5,"column":4},"end":{"line":7,"column":5}},{"start":{"line":5,"column":4},"end":{"line":7,"column":5}}],"line":5}},"s":{"0":3,"1":3,"2":1,"3":1,"4":0,"5":1,"6":3,"7":1,"8":1,"9":1,"10":3},"f":{"0":1,"1":1},"b":{"0":[0,1]},"_coverageSchema":"1a1c01bbd47fc00a2c39e90264f33305004495a9","hash":"bce216599432f19aca560ae4a6d5dd7f243f9882"}
,"D:\\Developer\\backend-simple-rpg\\src\\config\\statsAssignTool.js": {"path":"D:\\Developer\\backend-simple-rpg\\src\\config\\statsAssignTool.js","statementMap":{"0":{"start":{"line":1,"column":58},"end":{"line":1,"column":70}},"1":{"start":{"line":2,"column":58},"end":{"line":2,"column":70}},"2":{"start":{"line":4,"column":24},"end":{"line":12,"column":1}},"3":{"start":{"line":5,"column":4},"end":{"line":11,"column":5}},"4":{"start":{"line":6,"column":8},"end":{"line":6,"column":51}},"5":{"start":{"line":7,"column":11},"end":{"line":11,"column":5}},"6":{"start":{"line":8,"column":8},"end":{"line":8,"column":47}},"7":{"start":{"line":10,"column":8},"end":{"line":10,"column":45}},"8":{"start":{"line":14,"column":0},"end":{"line":14,"column":32}}},"fnMap":{"0":{"name":"(anonymous_0)","decl":{"start":{"line":4,"column":24},"end":{"line":4,"column":25}},"loc":{"start":{"line":4,"column":33},"end":{"line":12,"column":1}},"line":4}},"branchMap":{"0":{"loc":{"start":{"line":5,"column":4},"end":{"line":11,"column":5}},"type":"if","locations":[{"start":{"line":5,"column":4},"end":{"line":11,"column":5}},{"start":{"line":5,"column":4},"end":{"line":11,"column":5}}],"line":5},"1":{"loc":{"start":{"line":7,"column":11},"end":{"line":11,"column":5}},"type":"if","locations":[{"start":{"line":7,"column":11},"end":{"line":11,"column":5}},{"start":{"line":7,"column":11},"end":{"line":11,"column":5}}],"line":7}},"s":{"0":3,"1":3,"2":3,"3":2,"4":0,"5":2,"6":1,"7":1,"8":3},"f":{"0":2},"b":{"0":[0,2],"1":[1,1]},"_coverageSchema":"1a1c01bbd47fc00a2c39e90264f33305004495a9","hash":"63cc75f6bef73e4a1689c7ad9601ea98de07e7cb"}
,"D:\\Developer\\backend-simple-rpg\\src\\middlewares\\authentication.js": {"path":"D:\\Developer\\backend-simple-rpg\\src\\middlewares\\authentication.js","statementMap":{"0":{"start":{"line":1,"column":12},"end":{"line":1,"column":35}},"1":{"start":{"line":4,"column":21},"end":{"line":16,"column":1}},"2":{"start":{"line":5,"column":4},"end":{"line":15,"column":5}},"3":{"start":{"line":6,"column":8},"end":{"line":8,"column":9}},"4":{"start":{"line":7,"column":12},"end":{"line":7,"column":54}},"5":{"start":{"line":10,"column":8},"end":{"line":10,"column":76}},"6":{"start":{"line":11,"column":8},"end":{"line":11,"column":14}},"7":{"start":{"line":13,"column":8},"end":{"line":13,"column":28}},"8":{"start":{"line":14,"column":8},"end":{"line":14,"column":17}},"9":{"start":{"line":18,"column":0},"end":{"line":18,"column":33}}},"fnMap":{"0":{"name":"(anonymous_0)","decl":{"start":{"line":4,"column":21},"end":{"line":4,"column":22}},"loc":{"start":{"line":4,"column":41},"end":{"line":16,"column":1}},"line":4}},"branchMap":{"0":{"loc":{"start":{"line":6,"column":8},"end":{"line":8,"column":9}},"type":"if","locations":[{"start":{"line":6,"column":8},"end":{"line":8,"column":9}},{"start":{"line":6,"column":8},"end":{"line":8,"column":9}}],"line":6}},"s":{"0":3,"1":3,"2":8,"3":8,"4":1,"5":7,"6":7,"7":1,"8":1,"9":3},"f":{"0":8},"b":{"0":[1,7]},"_coverageSchema":"1a1c01bbd47fc00a2c39e90264f33305004495a9","hash":"f76ddfe397f314966568a8e96710829ed16e79e2"}
,"D:\\Developer\\backend-simple-rpg\\src\\models\\character.model.js": {"path":"D:\\Developer\\backend-simple-rpg\\src\\models\\character.model.js","statementMap":{"0":{"start":{"line":1,"column":17},"end":{"line":1,"column":36}},"1":{"start":{"line":2,"column":15},"end":{"line":2,"column":30}},"2":{"start":{"line":4,"column":24},"end":{"line":13,"column":18}},"3":{"start":{"line":15,"column":24},"end":{"line":60,"column":2}},"4":{"start":{"line":62,"column":18},"end":{"line":62,"column":62}},"5":{"start":{"line":64,"column":0},"end":{"line":64,"column":26}}},"fnMap":{},"branchMap":{},"s":{"0":3,"1":3,"2":3,"3":3,"4":3,"5":3},"f":{},"b":{},"_coverageSchema":"1a1c01bbd47fc00a2c39e90264f33305004495a9","hash":"5095281cfd64a2a398cbe092415d987b5c5208af"}
,"D:\\Developer\\backend-simple-rpg\\src\\models\\monster.model.js": {"path":"D:\\Developer\\backend-simple-rpg\\src\\models\\monster.model.js","statementMap":{"0":{"start":{"line":1,"column":17},"end":{"line":1,"column":36}},"1":{"start":{"line":2,"column":15},"end":{"line":2,"column":30}},"2":{"start":{"line":4,"column":22},"end":{"line":30,"column":2}},"3":{"start":{"line":32,"column":16},"end":{"line":32,"column":56}},"4":{"start":{"line":34,"column":0},"end":{"line":34,"column":24}}},"fnMap":{},"branchMap":{},"s":{"0":3,"1":3,"2":3,"3":3,"4":3},"f":{},"b":{},"_coverageSchema":"1a1c01bbd47fc00a2c39e90264f33305004495a9","hash":"98020157c5aad42d632d6d37e7cdc9f34bd62df2"}
,"D:\\Developer\\backend-simple-rpg\\src\\models\\user.model.js": {"path":"D:\\Developer\\backend-simple-rpg\\src\\models\\user.model.js","statementMap":{"0":{"start":{"line":1,"column":17},"end":{"line":1,"column":36}},"1":{"start":{"line":2,"column":15},"end":{"line":2,"column":30}},"2":{"start":{"line":3,"column":15},"end":{"line":3,"column":34}},"3":{"start":{"line":5,"column":19},"end":{"line":23,"column":2}},"4":{"start":{"line":25,"column":0},"end":{"line":29,"column":2}},"5":{"start":{"line":26,"column":19},"end":{"line":26,"column":21}},"6":{"start":{"line":27,"column":4},"end":{"line":27,"column":60}},"7":{"start":{"line":28,"column":4},"end":{"line":28,"column":10}},"8":{"start":{"line":31,"column":13},"end":{"line":31,"column":47}},"9":{"start":{"line":33,"column":0},"end":{"line":33,"column":21}}},"fnMap":{"0":{"name":"(anonymous_0)","decl":{"start":{"line":25,"column":23},"end":{"line":25,"column":24}},"loc":{"start":{"line":25,"column":45},"end":{"line":29,"column":1}},"line":25}},"branchMap":{},"s":{"0":3,"1":3,"2":3,"3":3,"4":3,"5":27,"6":27,"7":27,"8":3,"9":3},"f":{"0":27},"b":{},"_coverageSchema":"1a1c01bbd47fc00a2c39e90264f33305004495a9","hash":"0ed0904699fb91dffea644237c2bb3baf46ce8d8"}
,"D:\\Developer\\backend-simple-rpg\\src\\routes\\characters.route.js": {"path":"D:\\Developer\\backend-simple-rpg\\src\\routes\\characters.route.js","statementMap":{"0":{"start":{"line":1,"column":16},"end":{"line":1,"column":34}},"1":{"start":{"line":2,"column":15},"end":{"line":2,"column":31}},"2":{"start":{"line":4,"column":18},"end":{"line":4,"column":54}},"3":{"start":{"line":7,"column":0},"end":{"line":23,"column":2}},"4":{"start":{"line":8,"column":4},"end":{"line":22,"column":5}},"5":{"start":{"line":9,"column":41},"end":{"line":9,"column":47}},"6":{"start":{"line":10,"column":42},"end":{"line":10,"column":49}},"7":{"start":{"line":11,"column":40},"end":{"line":11,"column":45}},"8":{"start":{"line":13,"column":27},"end":{"line":18,"column":13}},"9":{"start":{"line":19,"column":8},"end":{"line":19,"column":40}},"10":{"start":{"line":21,"column":8},"end":{"line":21,"column":17}},"11":{"start":{"line":25,"column":0},"end":{"line":25,"column":23}}},"fnMap":{"0":{"name":"(anonymous_0)","decl":{"start":{"line":7,"column":16},"end":{"line":7,"column":17}},"loc":{"start":{"line":7,"column":42},"end":{"line":23,"column":1}},"line":7}},"branchMap":{},"s":{"0":3,"1":3,"2":3,"3":3,"4":1,"5":1,"6":1,"7":1,"8":1,"9":1,"10":0,"11":3},"f":{"0":1},"b":{},"_coverageSchema":"1a1c01bbd47fc00a2c39e90264f33305004495a9","hash":"df9baa43ded2484e96de14629d9210d4c119661b"}
,"D:\\Developer\\backend-simple-rpg\\src\\routes\\monsters.route.js": {"path":"D:\\Developer\\backend-simple-rpg\\src\\routes\\monsters.route.js","statementMap":{"0":{"start":{"line":1,"column":16},"end":{"line":1,"column":34}},"1":{"start":{"line":2,"column":15},"end":{"line":2,"column":31}},"2":{"start":{"line":4,"column":16},"end":{"line":4,"column":50}},"3":{"start":{"line":6,"column":0},"end":{"line":13,"column":2}},"4":{"start":{"line":7,"column":4},"end":{"line":12,"column":5}},"5":{"start":{"line":8,"column":25},"end":{"line":8,"column":45}},"6":{"start":{"line":9,"column":8},"end":{"line":9,"column":38}},"7":{"start":{"line":11,"column":8},"end":{"line":11,"column":17}},"8":{"start":{"line":15,"column":0},"end":{"line":22,"column":2}},"9":{"start":{"line":16,"column":4},"end":{"line":21,"column":5}},"10":{"start":{"line":17,"column":24},"end":{"line":17,"column":65}},"11":{"start":{"line":18,"column":8},"end":{"line":18,"column":37}},"12":{"start":{"line":20,"column":8},"end":{"line":20,"column":17}},"13":{"start":{"line":24,"column":0},"end":{"line":33,"column":2}},"14":{"start":{"line":25,"column":4},"end":{"line":32,"column":5}},"15":{"start":{"line":26,"column":24},"end":{"line":26,"column":45}},"16":{"start":{"line":27,"column":8},"end":{"line":27,"column":28}},"17":{"start":{"line":28,"column":27},"end":{"line":28,"column":47}},"18":{"start":{"line":29,"column":8},"end":{"line":29,"column":40}},"19":{"start":{"line":31,"column":8},"end":{"line":31,"column":17}},"20":{"start":{"line":35,"column":0},"end":{"line":42,"column":2}},"21":{"start":{"line":36,"column":4},"end":{"line":40,"column":5}},"22":{"start":{"line":37,"column":8},"end":{"line":37,"column":29}},"23":{"start":{"line":38,"column":11},"end":{"line":40,"column":5}},"24":{"start":{"line":39,"column":8},"end":{"line":39,"column":29}},"25":{"start":{"line":41,"column":4},"end":{"line":41,"column":13}},"26":{"start":{"line":44,"column":0},"end":{"line":44,"column":23}}},"fnMap":{"0":{"name":"(anonymous_0)","decl":{"start":{"line":6,"column":16},"end":{"line":6,"column":17}},"loc":{"start":{"line":6,"column":42},"end":{"line":13,"column":1}},"line":6},"1":{"name":"(anonymous_1)","decl":{"start":{"line":15,"column":19},"end":{"line":15,"column":20}},"loc":{"start":{"line":15,"column":45},"end":{"line":22,"column":1}},"line":15},"2":{"name":"(anonymous_2)","decl":{"start":{"line":24,"column":17},"end":{"line":24,"column":18}},"loc":{"start":{"line":24,"column":43},"end":{"line":33,"column":1}},"line":24},"3":{"name":"(anonymous_3)","decl":{"start":{"line":35,"column":11},"end":{"line":35,"column":12}},"loc":{"start":{"line":35,"column":36},"end":{"line":42,"column":1}},"line":35}},"branchMap":{"0":{"loc":{"start":{"line":36,"column":4},"end":{"line":40,"column":5}},"type":"if","locations":[{"start":{"line":36,"column":4},"end":{"line":40,"column":5}},{"start":{"line":36,"column":4},"end":{"line":40,"column":5}}],"line":36},"1":{"loc":{"start":{"line":38,"column":11},"end":{"line":40,"column":5}},"type":"if","locations":[{"start":{"line":38,"column":11},"end":{"line":40,"column":5}},{"start":{"line":38,"column":11},"end":{"line":40,"column":5}}],"line":38}},"s":{"0":3,"1":3,"2":3,"3":3,"4":1,"5":1,"6":1,"7":0,"8":3,"9":1,"10":1,"11":1,"12":0,"13":3,"14":1,"15":1,"16":1,"17":1,"18":1,"19":0,"20":3,"21":0,"22":0,"23":0,"24":0,"25":0,"26":3},"f":{"0":1,"1":1,"2":1,"3":0},"b":{"0":[0,0],"1":[0,0]},"_coverageSchema":"1a1c01bbd47fc00a2c39e90264f33305004495a9","hash":"36b009751676d53adee17ffb099f30fdf91663c5"}
,"D:\\Developer\\backend-simple-rpg\\src\\routes\\users.route.js": {"path":"D:\\Developer\\backend-simple-rpg\\src\\routes\\users.route.js","statementMap":{"0":{"start":{"line":1,"column":16},"end":{"line":1,"column":34}},"1":{"start":{"line":2,"column":15},"end":{"line":2,"column":31}},"2":{"start":{"line":3,"column":25},"end":{"line":3,"column":65}},"3":{"start":{"line":4,"column":15},"end":{"line":4,"column":34}},"4":{"start":{"line":5,"column":13},"end":{"line":5,"column":44}},"5":{"start":{"line":6,"column":26},"end":{"line":6,"column":50}},"6":{"start":{"line":7,"column":18},"end":{"line":7,"column":54}},"7":{"start":{"line":8,"column":24},"end":{"line":8,"column":60}},"8":{"start":{"line":10,"column":27},"end":{"line":10,"column":44}},"9":{"start":{"line":12,"column":0},"end":{"line":22,"column":2}},"10":{"start":{"line":13,"column":4},"end":{"line":21,"column":5}},"11":{"start":{"line":14,"column":21},"end":{"line":14,"column":39}},"12":{"start":{"line":16,"column":8},"end":{"line":16,"column":25}},"13":{"start":{"line":17,"column":24},"end":{"line":17,"column":41}},"14":{"start":{"line":18,"column":8},"end":{"line":18,"column":37}},"15":{"start":{"line":20,"column":8},"end":{"line":20,"column":17}},"16":{"start":{"line":26,"column":0},"end":{"line":28,"column":2}},"17":{"start":{"line":27,"column":4},"end":{"line":27,"column":55}},"18":{"start":{"line":30,"column":0},"end":{"line":58,"column":2}},"19":{"start":{"line":31,"column":4},"end":{"line":57,"column":5}},"20":{"start":{"line":32,"column":39},"end":{"line":32,"column":47}},"21":{"start":{"line":33,"column":21},"end":{"line":33,"column":53}},"22":{"start":{"line":34,"column":8},"end":{"line":36,"column":9}},"23":{"start":{"line":35,"column":12},"end":{"line":35,"column":43}},"24":{"start":{"line":37,"column":23},"end":{"line":37,"column":68}},"25":{"start":{"line":38,"column":8},"end":{"line":40,"column":9}},"26":{"start":{"line":39,"column":12},"end":{"line":39,"column":43}},"27":{"start":{"line":42,"column":22},"end":{"line":42,"column":50}},"28":{"start":{"line":43,"column":23},"end":{"line":43,"column":42}},"29":{"start":{"line":44,"column":27},"end":{"line":44,"column":56}},"30":{"start":{"line":46,"column":8},"end":{"line":49,"column":11}},"31":{"start":{"line":51,"column":8},"end":{"line":51,"column":43}},"32":{"start":{"line":53,"column":8},"end":{"line":55,"column":9}},"33":{"start":{"line":54,"column":12},"end":{"line":54,"column":33}},"34":{"start":{"line":56,"column":8},"end":{"line":56,"column":18}},"35":{"start":{"line":60,"column":0},"end":{"line":76,"column":2}},"36":{"start":{"line":61,"column":4},"end":{"line":75,"column":5}},"37":{"start":{"line":62,"column":25},"end":{"line":62,"column":44}},"38":{"start":{"line":63,"column":8},"end":{"line":65,"column":9}},"39":{"start":{"line":64,"column":12},"end":{"line":64,"column":47}},"40":{"start":{"line":67,"column":21},"end":{"line":67,"column":53}},"41":{"start":{"line":68,"column":8},"end":{"line":68,"column":22}},"42":{"start":{"line":70,"column":8},"end":{"line":72,"column":9}},"43":{"start":{"line":71,"column":12},"end":{"line":71,"column":33}},"44":{"start":{"line":74,"column":8},"end":{"line":74,"column":17}},"45":{"start":{"line":78,"column":0},"end":{"line":91,"column":2}},"46":{"start":{"line":79,"column":4},"end":{"line":90,"column":5}},"47":{"start":{"line":80,"column":25},"end":{"line":80,"column":44}},"48":{"start":{"line":81,"column":8},"end":{"line":83,"column":9}},"49":{"start":{"line":82,"column":12},"end":{"line":82,"column":47}},"50":{"start":{"line":84,"column":21},"end":{"line":84,"column":53}},"51":{"start":{"line":85,"column":49},"end":{"line":85,"column":58}},"52":{"start":{"line":86,"column":27},"end":{"line":86,"column":119}},"53":{"start":{"line":87,"column":8},"end":{"line":87,"column":40}},"54":{"start":{"line":89,"column":8},"end":{"line":89,"column":17}},"55":{"start":{"line":93,"column":0},"end":{"line":111,"column":2}},"56":{"start":{"line":94,"column":4},"end":{"line":110,"column":5}},"57":{"start":{"line":95,"column":25},"end":{"line":95,"column":44}},"58":{"start":{"line":96,"column":8},"end":{"line":98,"column":9}},"59":{"start":{"line":97,"column":12},"end":{"line":97,"column":47}},"60":{"start":{"line":99,"column":21},"end":{"line":99,"column":53}},"61":{"start":{"line":100,"column":26},"end":{"line":100,"column":49}},"62":{"start":{"line":101,"column":8},"end":{"line":101,"column":35}},"63":{"start":{"line":102,"column":27},"end":{"line":102,"column":57}},"64":{"start":{"line":103,"column":8},"end":{"line":103,"column":36}},"65":{"start":{"line":104,"column":8},"end":{"line":104,"column":36}},"66":{"start":{"line":105,"column":8},"end":{"line":105,"column":30}},"67":{"start":{"line":106,"column":29},"end":{"line":106,"column":51}},"68":{"start":{"line":107,"column":8},"end":{"line":107,"column":42}},"69":{"start":{"line":109,"column":8},"end":{"line":109,"column":17}},"70":{"start":{"line":113,"column":0},"end":{"line":125,"column":2}},"71":{"start":{"line":114,"column":4},"end":{"line":124,"column":5}},"72":{"start":{"line":115,"column":25},"end":{"line":115,"column":44}},"73":{"start":{"line":116,"column":8},"end":{"line":118,"column":9}},"74":{"start":{"line":117,"column":12},"end":{"line":117,"column":47}},"75":{"start":{"line":119,"column":21},"end":{"line":119,"column":53}},"76":{"start":{"line":120,"column":26},"end":{"line":120,"column":100}},"77":{"start":{"line":121,"column":8},"end":{"line":121,"column":39}},"78":{"start":{"line":123,"column":8},"end":{"line":123,"column":17}},"79":{"start":{"line":127,"column":0},"end":{"line":151,"column":2}},"80":{"start":{"line":128,"column":4},"end":{"line":150,"column":5}},"81":{"start":{"line":129,"column":25},"end":{"line":129,"column":44}},"82":{"start":{"line":130,"column":8},"end":{"line":132,"column":9}},"83":{"start":{"line":131,"column":12},"end":{"line":131,"column":47}},"84":{"start":{"line":133,"column":23},"end":{"line":142,"column":9}},"85":{"start":{"line":143,"column":21},"end":{"line":143,"column":53}},"86":{"start":{"line":144,"column":23},"end":{"line":144,"column":72}},"87":{"start":{"line":145,"column":34},"end":{"line":145,"column":97}},"88":{"start":{"line":146,"column":8},"end":{"line":146,"column":47}},"89":{"start":{"line":149,"column":8},"end":{"line":149,"column":17}},"90":{"start":{"line":154,"column":0},"end":{"line":161,"column":2}},"91":{"start":{"line":155,"column":4},"end":{"line":159,"column":5}},"92":{"start":{"line":156,"column":8},"end":{"line":156,"column":29}},"93":{"start":{"line":157,"column":11},"end":{"line":159,"column":5}},"94":{"start":{"line":158,"column":8},"end":{"line":158,"column":29}},"95":{"start":{"line":160,"column":4},"end":{"line":160,"column":13}},"96":{"start":{"line":163,"column":0},"end":{"line":163,"column":23}}},"fnMap":{"0":{"name":"(anonymous_0)","decl":{"start":{"line":12,"column":25},"end":{"line":12,"column":26}},"loc":{"start":{"line":12,"column":51},"end":{"line":22,"column":1}},"line":12},"1":{"name":"(anonymous_1)","decl":{"start":{"line":26,"column":23},"end":{"line":26,"column":24}},"loc":{"start":{"line":26,"column":43},"end":{"line":28,"column":1}},"line":26},"2":{"name":"(anonymous_2)","decl":{"start":{"line":30,"column":22},"end":{"line":30,"column":23}},"loc":{"start":{"line":30,"column":48},"end":{"line":58,"column":1}},"line":30},"3":{"name":"(anonymous_3)","decl":{"start":{"line":60,"column":39},"end":{"line":60,"column":40}},"loc":{"start":{"line":60,"column":65},"end":{"line":76,"column":1}},"line":60},"4":{"name":"(anonymous_4)","decl":{"start":{"line":78,"column":50},"end":{"line":78,"column":51}},"loc":{"start":{"line":78,"column":76},"end":{"line":91,"column":1}},"line":78},"5":{"name":"(anonymous_5)","decl":{"start":{"line":93,"column":51},"end":{"line":93,"column":52}},"loc":{"start":{"line":93,"column":77},"end":{"line":111,"column":1}},"line":93},"6":{"name":"(anonymous_6)","decl":{"start":{"line":113,"column":64},"end":{"line":113,"column":65}},"loc":{"start":{"line":113,"column":90},"end":{"line":125,"column":1}},"line":113},"7":{"name":"(anonymous_7)","decl":{"start":{"line":127,"column":66},"end":{"line":127,"column":67}},"loc":{"start":{"line":127,"column":92},"end":{"line":151,"column":1}},"line":127},"8":{"name":"(anonymous_8)","decl":{"start":{"line":154,"column":11},"end":{"line":154,"column":12}},"loc":{"start":{"line":154,"column":36},"end":{"line":161,"column":1}},"line":154}},"branchMap":{"0":{"loc":{"start":{"line":34,"column":8},"end":{"line":36,"column":9}},"type":"if","locations":[{"start":{"line":34,"column":8},"end":{"line":36,"column":9}},{"start":{"line":34,"column":8},"end":{"line":36,"column":9}}],"line":34},"1":{"loc":{"start":{"line":38,"column":8},"end":{"line":40,"column":9}},"type":"if","locations":[{"start":{"line":38,"column":8},"end":{"line":40,"column":9}},{"start":{"line":38,"column":8},"end":{"line":40,"column":9}}],"line":38},"2":{"loc":{"start":{"line":53,"column":8},"end":{"line":55,"column":9}},"type":"if","locations":[{"start":{"line":53,"column":8},"end":{"line":55,"column":9}},{"start":{"line":53,"column":8},"end":{"line":55,"column":9}}],"line":53},"3":{"loc":{"start":{"line":63,"column":8},"end":{"line":65,"column":9}},"type":"if","locations":[{"start":{"line":63,"column":8},"end":{"line":65,"column":9}},{"start":{"line":63,"column":8},"end":{"line":65,"column":9}}],"line":63},"4":{"loc":{"start":{"line":70,"column":8},"end":{"line":72,"column":9}},"type":"if","locations":[{"start":{"line":70,"column":8},"end":{"line":72,"column":9}},{"start":{"line":70,"column":8},"end":{"line":72,"column":9}}],"line":70},"5":{"loc":{"start":{"line":81,"column":8},"end":{"line":83,"column":9}},"type":"if","locations":[{"start":{"line":81,"column":8},"end":{"line":83,"column":9}},{"start":{"line":81,"column":8},"end":{"line":83,"column":9}}],"line":81},"6":{"loc":{"start":{"line":96,"column":8},"end":{"line":98,"column":9}},"type":"if","locations":[{"start":{"line":96,"column":8},"end":{"line":98,"column":9}},{"start":{"line":96,"column":8},"end":{"line":98,"column":9}}],"line":96},"7":{"loc":{"start":{"line":116,"column":8},"end":{"line":118,"column":9}},"type":"if","locations":[{"start":{"line":116,"column":8},"end":{"line":118,"column":9}},{"start":{"line":116,"column":8},"end":{"line":118,"column":9}}],"line":116},"8":{"loc":{"start":{"line":130,"column":8},"end":{"line":132,"column":9}},"type":"if","locations":[{"start":{"line":130,"column":8},"end":{"line":132,"column":9}},{"start":{"line":130,"column":8},"end":{"line":132,"column":9}}],"line":130},"9":{"loc":{"start":{"line":155,"column":4},"end":{"line":159,"column":5}},"type":"if","locations":[{"start":{"line":155,"column":4},"end":{"line":159,"column":5}},{"start":{"line":155,"column":4},"end":{"line":159,"column":5}}],"line":155},"10":{"loc":{"start":{"line":157,"column":11},"end":{"line":159,"column":5}},"type":"if","locations":[{"start":{"line":157,"column":11},"end":{"line":159,"column":5}},{"start":{"line":157,"column":11},"end":{"line":159,"column":5}}],"line":157}},"s":{"0":3,"1":3,"2":3,"3":3,"4":3,"5":3,"6":3,"7":3,"8":3,"9":3,"10":2,"11":2,"12":2,"13":2,"14":1,"15":1,"16":3,"17":0,"18":3,"19":3,"20":3,"21":3,"22":3,"23":1,"24":2,"25":2,"26":1,"27":1,"28":1,"29":1,"30":1,"31":1,"32":2,"33":2,"34":2,"35":3,"36":2,"37":2,"38":2,"39":1,"40":1,"41":1,"42":1,"43":1,"44":1,"45":3,"46":1,"47":1,"48":1,"49":0,"50":1,"51":1,"52":1,"53":1,"54":0,"55":3,"56":2,"57":2,"58":2,"59":0,"60":2,"61":2,"62":2,"63":2,"64":2,"65":2,"66":2,"67":2,"68":2,"69":0,"70":3,"71":1,"72":1,"73":1,"74":0,"75":1,"76":1,"77":1,"78":0,"79":3,"80":1,"81":1,"82":1,"83":0,"84":1,"85":1,"86":1,"87":1,"88":1,"89":0,"90":3,"91":5,"92":1,"93":4,"94":0,"95":5,"96":3},"f":{"0":2,"1":0,"2":3,"3":2,"4":1,"5":2,"6":1,"7":1,"8":5},"b":{"0":[1,2],"1":[1,1],"2":[2,0],"3":[1,1],"4":[1,0],"5":[0,1],"6":[0,2],"7":[0,1],"8":[0,1],"9":[1,4],"10":[0,4]},"_coverageSchema":"1a1c01bbd47fc00a2c39e90264f33305004495a9","hash":"e31357d9ae48eaa7d067f5dd5546998f6e598997"}
}
