TN:
SF:src\app.js
FN:17,(anonymous_0)
FN:34,(anonymous_1)
FNF:2
FNH:1
FNDA:0,(anonymous_0)
FNDA:5,(anonymous_1)
DA:1,3
DA:2,3
DA:3,3
DA:4,3
DA:7,3
DA:8,3
DA:10,3
DA:11,3
DA:12,3
DA:13,3
DA:14,3
DA:15,3
DA:17,3
DA:18,0
DA:34,3
DA:35,5
DA:36,5
DA:37,5
DA:38,5
DA:40,0
DA:44,3
LF:21
LH:19
BRDA:35,0,0,5
BRDA:35,0,1,0
BRDA:37,1,0,5
BRDA:37,1,1,0
BRF:4
BRH:2
end_of_record
TN:
SF:src\config\jwt.js
FN:3,(anonymous_0)
FN:11,(anonymous_1)
FNF:2
FNH:2
FNDA:1,(anonymous_0)
FNDA:1,(anonymous_1)
DA:1,3
DA:3,3
DA:4,1
DA:5,1
DA:6,0
DA:8,1
DA:11,3
DA:12,1
DA:13,1
DA:14,1
DA:17,3
LF:11
LH:10
BRDA:5,0,0,0
BRDA:5,0,1,1
BRF:2
BRH:1
end_of_record
TN:
SF:src\config\statsAssignTool.js
FN:4,(anonymous_0)
FNF:1
FNH:1
FNDA:2,(anonymous_0)
DA:1,3
DA:2,3
DA:4,3
DA:5,2
DA:6,0
DA:7,2
DA:8,1
DA:10,1
DA:14,3
LF:9
LH:8
BRDA:5,0,0,0
BRDA:5,0,1,2
BRDA:7,1,0,1
BRDA:7,1,1,1
BRF:4
BRH:3
end_of_record
TN:
SF:src\middlewares\authentication.js
FN:4,(anonymous_0)
FNF:1
FNH:1
FNDA:8,(anonymous_0)
DA:1,3
DA:4,3
DA:5,8
DA:6,8
DA:7,1
DA:10,7
DA:11,7
DA:13,1
DA:14,1
DA:18,3
LF:10
LH:10
BRDA:6,0,0,1
BRDA:6,0,1,7
BRF:2
BRH:2
end_of_record
TN:
SF:src\models\character.model.js
FNF:0
FNH:0
DA:1,3
DA:2,3
DA:4,3
DA:15,3
DA:62,3
DA:64,3
LF:6
LH:6
BRF:0
BRH:0
end_of_record
TN:
SF:src\models\monster.model.js
FNF:0
FNH:0
DA:1,3
DA:2,3
DA:4,3
DA:32,3
DA:34,3
LF:5
LH:5
BRF:0
BRH:0
end_of_record
TN:
SF:src\models\user.model.js
FN:25,(anonymous_0)
FNF:1
FNH:1
FNDA:27,(anonymous_0)
DA:1,3
DA:2,3
DA:3,3
DA:5,3
DA:25,3
DA:26,27
DA:27,27
DA:28,27
DA:31,3
DA:33,3
LF:10
LH:10
BRF:0
BRH:0
end_of_record
TN:
SF:src\routes\characters.route.js
FN:7,(anonymous_0)
FNF:1
FNH:1
FNDA:1,(anonymous_0)
DA:1,3
DA:2,3
DA:4,3
DA:7,3
DA:8,1
DA:9,1
DA:10,1
DA:11,1
DA:13,1
DA:19,1
DA:21,0
DA:25,3
LF:12
LH:11
BRF:0
BRH:0
end_of_record
TN:
SF:src\routes\monsters.route.js
FN:6,(anonymous_0)
FN:15,(anonymous_1)
FN:24,(anonymous_2)
FN:35,(anonymous_3)
FNF:4
FNH:3
FNDA:1,(anonymous_0)
FNDA:1,(anonymous_1)
FNDA:1,(anonymous_2)
FNDA:0,(anonymous_3)
DA:1,3
DA:2,3
DA:4,3
DA:6,3
DA:7,1
DA:8,1
DA:9,1
DA:11,0
DA:15,3
DA:16,1
DA:17,1
DA:18,1
DA:20,0
DA:24,3
DA:25,1
DA:26,1
DA:27,1
DA:28,1
DA:29,1
DA:31,0
DA:35,3
DA:36,0
DA:37,0
DA:38,0
DA:39,0
DA:41,0
DA:44,3
LF:27
LH:19
BRDA:36,0,0,0
BRDA:36,0,1,0
BRDA:38,1,0,0
BRDA:38,1,1,0
BRF:4
BRH:0
end_of_record
TN:
SF:src\routes\users.route.js
FN:12,(anonymous_0)
FN:26,(anonymous_1)
FN:30,(anonymous_2)
FN:60,(anonymous_3)
FN:78,(anonymous_4)
FN:93,(anonymous_5)
FN:113,(anonymous_6)
FN:127,(anonymous_7)
FN:154,(anonymous_8)
FNF:9
FNH:8
FNDA:2,(anonymous_0)
FNDA:0,(anonymous_1)
FNDA:3,(anonymous_2)
FNDA:2,(anonymous_3)
FNDA:1,(anonymous_4)
FNDA:2,(anonymous_5)
FNDA:1,(anonymous_6)
FNDA:1,(anonymous_7)
FNDA:5,(anonymous_8)
DA:1,3
DA:2,3
DA:3,3
DA:4,3
DA:5,3
DA:6,3
DA:7,3
DA:8,3
DA:10,3
DA:12,3
DA:13,2
DA:14,2
DA:16,2
DA:17,2
DA:18,1
DA:20,1
DA:26,3
DA:27,0
DA:30,3
DA:31,3
DA:32,3
DA:33,3
DA:34,3
DA:35,1
DA:37,2
DA:38,2
DA:39,1
DA:42,1
DA:43,1
DA:44,1
DA:46,1
DA:51,1
DA:53,2
DA:54,2
DA:56,2
DA:60,3
DA:61,2
DA:62,2
DA:63,2
DA:64,1
DA:67,1
DA:68,1
DA:70,1
DA:71,1
DA:74,1
DA:78,3
DA:79,1
DA:80,1
DA:81,1
DA:82,0
DA:84,1
DA:85,1
DA:86,1
DA:87,1
DA:89,0
DA:93,3
DA:94,2
DA:95,2
DA:96,2
DA:97,0
DA:99,2
DA:100,2
DA:101,2
DA:102,2
DA:103,2
DA:104,2
DA:105,2
DA:106,2
DA:107,2
DA:109,0
DA:113,3
DA:114,1
DA:115,1
DA:116,1
DA:117,0
DA:119,1
DA:120,1
DA:121,1
DA:123,0
DA:127,3
DA:128,1
DA:129,1
DA:130,1
DA:131,0
DA:133,1
DA:143,1
DA:144,1
DA:145,1
DA:146,1
DA:149,0
DA:154,3
DA:155,5
DA:156,1
DA:157,4
DA:158,0
DA:160,5
DA:163,3
LF:97
LH:87
BRDA:34,0,0,1
BRDA:34,0,1,2
BRDA:38,1,0,1
BRDA:38,1,1,1
BRDA:53,2,0,2
BRDA:53,2,1,0
BRDA:63,3,0,1
BRDA:63,3,1,1
BRDA:70,4,0,1
BRDA:70,4,1,0
BRDA:81,5,0,0
BRDA:81,5,1,1
BRDA:96,6,0,0
BRDA:96,6,1,2
BRDA:116,7,0,0
BRDA:116,7,1,1
BRDA:130,8,0,0
BRDA:130,8,1,1
BRDA:155,9,0,1
BRDA:155,9,1,4
BRDA:157,10,0,0
BRDA:157,10,1,4
BRF:22
BRH:15
end_of_record
